<?xml version="1.0" encoding="UTF-8"?>
<!-- Generated by org.testng.reporters.JUnitReportReporter -->
<testsuite hostname="DESKTOP-BL5APCA" failures="0" tests="4" name="api.test.UserTests" time="17.748" errors="0" timestamp="2024-11-25T01:46:34 EET" skipped="0">
  <testcase classname="api.test.UserTests" name="testPostUser" time="6.499"/>
  <system-out/>
  <testcase classname="api.test.UserTests" name="testGetUserByName" time="0.887"/>
  <system-out/>
  <testcase classname="api.test.UserTests" name="testUpdateUserByName" time="6.100"/>
  <system-out/>
  <testcase classname="api.test.UserTests" name="testDeleteUserByName" time="4.262"/>
  <system-out/>
</testsuite> <!-- api.test.UserTests -->
