<?xml version="1.0" encoding="UTF-8"?>
<!-- Generated by org.testng.reporters.JUnitReportReporter -->
<testsuite hostname="DESKTOP-BL5APCA" failures="0" tests="6" name="api.test.DDTests" time="21.506" errors="0" timestamp="2024-11-23T22:44:30 EET" skipped="0">
  <testcase classname="api.test.DDTests" name="testPostUser" time="1.508"/>
  <system-out/>
  <testcase classname="api.test.DDTests" name="testPostUser" time="15.111"/>
  <system-out/>
  <testcase classname="api.test.DDTests" name="testPostUser" time="2.517"/>
  <system-out/>
  <testcase classname="api.test.DDTests" name="testDeleteUserByName" time="0.951"/>
  <system-out/>
  <testcase classname="api.test.DDTests" name="testDeleteUserByName" time="0.717"/>
  <system-out/>
  <testcase classname="api.test.DDTests" name="testDeleteUserByName" time="0.702"/>
  <system-out/>
</testsuite> <!-- api.test.DDTests -->
