<?xml version="1.0" encoding="UTF-8"?>
<!-- Generated by org.testng.reporters.JUnitReportReporter -->
<testsuite hostname="DESKTOP-BL5APCA" failures="0" tests="4" name="api.test.UserTests2" time="4.805" errors="0" timestamp="2024-11-25T00:45:20 EET" skipped="0">
  <testcase classname="api.test.UserTests2" name="testPostUser" time="1.918"/>
  <system-out/>
  <testcase classname="api.test.UserTests2" name="testGetUserByName" time="0.723"/>
  <system-out/>
  <testcase classname="api.test.UserTests2" name="testUpdateUserByName" time="1.427"/>
  <system-out/>
  <testcase classname="api.test.UserTests2" name="testDeleteUserByName" time="0.737"/>
  <system-out/>
</testsuite> <!-- api.test.UserTests2 -->
